<?xml version="1.0" encoding="UTF-8"?>
<!-- Generated by org.testng.reporters.JUnitXMLReporter -->
<testsuite ignored="2" hostname="MSI" failures="0" tests="1" name="Default test" time="2.838" errors="0" timestamp="2024-01-22T16:48:57 IST">
  <testcase classname="phase3_project.multiple_environmants.reqres" name="logging" time="2.794"/>
  <testcase classname="phase3_project.multiple_environmants.reqres" name="postRequestTest" time="0.0">
    <ignored/>
  </testcase> <!-- postRequestTest -->
  <testcase classname="phase3_project.multiple_environmants.reqres" name="getRequestTest" time="0.0">
    <ignored/>
  </testcase> <!-- getRequestTest -->
</testsuite> <!-- Default test -->
