<?xml version="1.0" encoding="UTF-8"?>
<testng-results ignored="2" total="3" passed="1" failed="0" skipped="0">
  <reporter-output>
  </reporter-output>
  <suite started-at="2024-01-22T16:48:54 IST" name="Default suite" finished-at="2024-01-22T16:48:57 IST" duration-ms="2838">
    <groups>
    </groups>
    <test started-at="2024-01-22T16:48:54 IST" name="Default test" finished-at="2024-01-22T16:48:57 IST" duration-ms="2838">
      <class name="phase3_project.multiple_environmants.reqres">
        <test-method signature="logging()[pri:0, instance:phase3_project.multiple_environmants.reqres@384ad17b]" started-at="2024-01-22T16:48:54 IST" name="logging" description="Test for logging in" finished-at="2024-01-22T16:48:57 IST" duration-ms="2794" status="PASS">
          <reporter-output>
          </reporter-output>
        </test-method> <!-- logging -->
      </class> <!-- phase3_project.multiple_environmants.reqres -->
    </test> <!-- Default test -->
  </suite> <!-- Default suite -->
</testng-results>
